[debug] [2021-03-03T01:47:57.387Z] ----------------------------------------------------------------------
[debug] [2021-03-03T01:47:57.391Z] Command:       C:\Users\LOVETTE\DOWNLO~1\firebase-tools-instant-win.exe C:\Users\LOVETTE\.cache\firebase\tools\lib\node_modules\firebase-tools\lib\bin\firebase init hosting
[debug] [2021-03-03T01:47:57.391Z] CLI Version:   9.5.0
[debug] [2021-03-03T01:47:57.391Z] Platform:      win32
[debug] [2021-03-03T01:47:57.392Z] Node Version:  v12.18.1
[debug] [2021-03-03T01:47:57.393Z] Time:          Wed Mar 03 2021 02:47:57 GMT+0100 (West Africa Standard Time)
[debug] [2021-03-03T01:47:57.393Z] ----------------------------------------------------------------------
[debug] [2021-03-03T01:47:57.394Z] 
[debug] [2021-03-03T01:47:57.407Z] > command requires scopes: ["email","openid","https://www.googleapis.com/auth/cloudplatformprojects.readonly","https://www.googleapis.com/auth/firebase","https://www.googleapis.com/auth/cloud-platform"]
[debug] [2021-03-03T01:47:57.408Z] > authorizing via signed-in user
[info] 
     ######## #### ########  ######## ########     ###     ######  ########
     ##        ##  ##     ## ##       ##     ##  ##   ##  ##       ##
     ######    ##  ########  ######   ########  #########  ######  ######
     ##        ##  ##    ##  ##       ##     ## ##     ##       ## ##
     ##       #### ##     ## ######## ########  ##     ##  ######  ########

You're about to initialize a Firebase project in this directory:

  C:\JS2021\my-portfolio

Before we get started, keep in mind:

  * You are currently outside your home directory

[info] 
=== Project Setup
[info] 
[info] First, let's associate this project directory with a Firebase project.
[info] You can create multiple project aliases by running firebase use --add, 
[info] but for now we'll just set up a default project.
[info] 
[debug] [2021-03-03T01:48:58.338Z] >>> [apiv2][query] GET https://firebase.googleapis.com/v1beta1/projects pageSize=100
[debug] [2021-03-03T01:48:59.351Z] <<< [apiv2][status] GET https://firebase.googleapis.com/v1beta1/projects 200
[debug] [2021-03-03T01:48:59.351Z] <<< [apiv2][body] GET https://firebase.googleapis.com/v1beta1/projects [omitted]
[info] i  Using project myportfolio-4d2cc (myportfolio) 
[info] 
=== Hosting Setup
[info] 
[info] Your public directory is the folder (relative to your project directory) that
[info] will contain Hosting assets to be uploaded with firebase deploy. If you
[info] have a build process for your assets, use your build's output directory.
[info] 
[debug] [2021-03-03T01:51:52.319Z] >>> [apiv2][query] GET https://www.gstatic.com/firebasejs/releases.json [none]
[debug] [2021-03-03T01:51:53.008Z] <<< [apiv2][status] GET https://www.gstatic.com/firebasejs/releases.json 200
[debug] [2021-03-03T01:51:53.009Z] <<< [apiv2][body] GET https://www.gstatic.com/firebasejs/releases.json {"current":{"version":"8.2.9","browserURL":"https://www.gstatic.com/firebasejs/8.2.9/firebase.js","packageURL":"https://www.gstatic.com/firebasejs/8.2.9/firebase.tgz"},"live":{"version":"8.2","browserURL":"https://www.gstatic.com/firebasejs/live/8.2/firebase.js","packageURL":"https://www.gstatic.com/firebasejs/live/8.2/firebase.tgz"},"components":{"analytics":"https://www.gstatic.com/firebasejs/8.2.9/firebase-analytics.js","app":"https://www.gstatic.com/firebasejs/8.2.9/firebase-app.js","auth":"https://www.gstatic.com/firebasejs/8.2.9/firebase-auth.js","database":"https://www.gstatic.com/firebasejs/8.2.9/firebase-database.js","firestore":"https://www.gstatic.com/firebasejs/8.2.9/firebase-firestore.js","functions":"https://www.gstatic.com/firebasejs/8.2.9/firebase-functions.js","installations":"https://www.gstatic.com/firebasejs/8.2.9/firebase-installations.js","messaging":"https://www.gstatic.com/firebasejs/8.2.9/firebase-messaging.js","storage":"https://www.gstatic.com/firebasejs/8.2.9/firebase-storage.js","performance":"https://www.gstatic.com/firebasejs/8.2.9/firebase-performance.js","remote-config":"https://www.gstatic.com/firebasejs/8.2.9/firebase-remote-config.js","firestore.memory":"https://www.gstatic.com/firebasejs/8.2.9/firebase-firestore.memory.js"}}
[info] +  Wrote public/index.html 
[info] 
[info] i  Detected a .git folder at C:\JS2021\my-portfolio 
[info] i  Authorizing with GitHub to upload your service account to a GitHub repository's secrets store. 
[info] 
[info] Visit this URL on this device to log in:
[info] https://github.com/login/oauth/authorize?client_id=89cf50f02ac6aaed3484&state=287544379&redirect_uri=http%3A%2F%2Flocalhost%3A9005&scope=read%3Auser%20repo%20public_repo
[info] 
[info] Waiting for authentication...
[debug] [2021-03-03T01:52:09.529Z] >>> HTTP REQUEST POST https://github.com/login/oauth/access_token  
 {"client_id":"89cf50f02ac6aaed3484","client_secret":"3330d14abc895d9a74d5f17cd7a00711fa2c5bf0","code":"60bdd02b7e73ed24a85a","redirect_uri":"http://localhost:9005","state":"287544379"}
[debug] [2021-03-03T01:52:10.377Z] <<< HTTP RESPONSE 200 {"server":"GitHub.com","date":"Wed, 03 Mar 2021 01:52:08 GMT","content-type":"application/json; charset=utf-8","transfer-encoding":"chunked","vary":"X-PJAX, Accept-Encoding, Accept, X-Requested-With","etag":"W/\"c0f9e29cc59b2654a277bc8ecf3f0ab2\"","cache-control":"max-age=0, private, must-revalidate","strict-transport-security":"max-age=31536000; includeSubdomains; preload","x-frame-options":"deny","x-content-type-options":"nosniff","x-xss-protection":"1; mode=block","referrer-policy":"origin-when-cross-origin, strict-origin-when-cross-origin","expect-ct":"max-age=2592000, report-uri=\"https://api.github.com/_private/browser/errors\"","content-security-policy":"default-src 'none'; base-uri 'self'; block-all-mixed-content; connect-src 'self' uploads.github.com www.githubstatus.com collector.githubapp.com api.github.com github-cloud.s3.amazonaws.com github-production-repository-file-5c1aeb.s3.amazonaws.com github-production-upload-manifest-file-7fdce7.s3.amazonaws.com github-production-user-asset-6210df.s3.amazonaws.com cdn.optimizely.com logx.optimizely.com/v1/events wss://alive.github.com; font-src github.githubassets.com; form-action 'self' github.com gist.github.com; frame-ancestors 'none'; frame-src render.githubusercontent.com; img-src 'self' data: github.githubassets.com identicons.github.com collector.githubapp.com github-cloud.s3.amazonaws.com user-images.githubusercontent.com/ *.githubusercontent.com; manifest-src 'self'; media-src 'none'; script-src github.githubassets.com; style-src 'unsafe-inline' github.githubassets.com; worker-src github.com/socket-worker-5029ae85.js gist.github.com/socket-worker-5029ae85.js","x-github-request-id":"CE97:F2D6:731589:778671:603EEBC7"}
[debug] [2021-03-03T01:52:10.382Z] >>> [apiv2][query] GET https://api.github.com/user [none]
[debug] [2021-03-03T01:52:11.078Z] <<< [apiv2][status] GET https://api.github.com/user 200
[debug] [2021-03-03T01:52:11.079Z] <<< [apiv2][body] GET https://api.github.com/user {"login":"Kimbohlovette","id":37558983,"node_id":"MDQ6VXNlcjM3NTU4OTgz","avatar_url":"https://avatars.githubusercontent.com/u/37558983?v=4","gravatar_id":"","url":"https://api.github.com/users/Kimbohlovette","html_url":"https://github.com/Kimbohlovette","followers_url":"https://api.github.com/users/Kimbohlovette/followers","following_url":"https://api.github.com/users/Kimbohlovette/following{/other_user}","gists_url":"https://api.github.com/users/Kimbohlovette/gists{/gist_id}","starred_url":"https://api.github.com/users/Kimbohlovette/starred{/owner}{/repo}","subscriptions_url":"https://api.github.com/users/Kimbohlovette/subscriptions","organizations_url":"https://api.github.com/users/Kimbohlovette/orgs","repos_url":"https://api.github.com/users/Kimbohlovette/repos","events_url":"https://api.github.com/users/Kimbohlovette/events{/privacy}","received_events_url":"https://api.github.com/users/Kimbohlovette/received_events","type":"User","site_admin":false,"name":"KIMBOH LOVETTE","company":null,"blog":"","location":"Cameroon","email":null,"hireable":null,"bio":null,"twitter_username":"kimbohlovette","public_repos":0,"public_gists":0,"followers":1,"following":2,"created_at":"2018-03-19T22:01:58Z","updated_at":"2021-03-03T01:52:06Z","private_gists":0,"total_private_repos":0,"owned_private_repos":0,"disk_usage":0,"collaborators":0,"two_factor_authentication":false,"plan":{"name":"free","space":976562499,"collaborators":0,"private_repos":10000}}
[info] 
[info] +  Success! Logged into GitHub as Kimbohlovette 
[info] 
